
> brainrawt@0.1.0 build
> next build

  Γû▓ Next.js 14.2.35
  - Environments: .env

   Creating an optimized production build ...
 Γ£ô Compiled successfully
   Linting and checking validity of types ...
node.exe : 
At C:\Users\spnit\AppData\Roa
ming\npm\npm.ps1:24 char:5
+     & "node$exe"  "$basedir
/node_modules/npm/bin/npm-cli
.js" $args
+     ~~~~~~~~~~~~~~~~~~~~~~~
~~~~~~~~~~~~~~~~~~~~~~~~~~~~~
~~~~~~~~~~
    + CategoryInfo           
   : NotSpeci    fied: 
(:String) [    ], 
RemoteExceptio    n
    + FullyQualifiedE    
rrorId : NativeCo    
mmandError
 
Failed to compile.

./src/app/profile/page.tsx
3:64  Error: 
'CardDescription' is defined 
but never used.  @typescript-
eslint/no-unused-vars

info  - Need to disable some 
ESLint rules? Learn more 
here: https://nextjs.org/docs
/basic-features/eslint#disabl
ing-rules
